C:\Program Files\Microsoft Visual Studio\2022\Community\MSBuild\Microsoft\VC\v170\Microsoft.CppBuild.targets(531,5): warning MSB8028: The intermediate directory (x64\Debug\) contains files shared from another project (Module2.vcxproj).  This can lead to incorrect clean and rebuild behavior.
  Main.cpp
C:\Users\Darien\Desktop\Code\GDPHYS\Test Doing Sir\Main.cpp(79,14): warning C4244: 'initializing': conversion from 'double' to 'int', possible loss of data
C:\Users\Darien\Desktop\Code\GDPHYS\Test Doing Sir\Main.cpp(105,21): warning C4305: '-=': truncation from 'double' to 'float'
C:\Users\Darien\Desktop\Code\GDPHYS\Test Doing Sir\Main.cpp(108,21): warning C4305: '+=': truncation from 'double' to 'float'
C:\Users\Darien\Desktop\Code\GDPHYS\Test Doing Sir\Main.cpp(113,21): warning C4305: '-=': truncation from 'double' to 'float'
C:\Users\Darien\Desktop\Code\GDPHYS\Test Doing Sir\Main.cpp(116,21): warning C4305: '+=': truncation from 'double' to 'float'
C:\Users\Darien\Desktop\Code\GDPHYS\Test Doing Sir\Main.cpp(121,21): warning C4305: '-=': truncation from 'double' to 'float'
C:\Users\Darien\Desktop\Code\GDPHYS\Test Doing Sir\Main.cpp(124,21): warning C4305: '+=': truncation from 'double' to 'float'
C:\Users\Darien\Desktop\Code\GDPHYS\Test Doing Sir\Main.cpp(148,38): warning C4244: 'argument': conversion from 'float' to 'int', possible loss of data
C:\Users\Darien\Desktop\Code\GDPHYS\Test Doing Sir\Main.cpp(148,31): warning C4244: 'argument': conversion from 'float' to 'int', possible loss of data
C:\Users\Darien\Desktop\Code\GDPHYS\Test Doing Sir\Main.cpp(403,26): warning C4244: 'argument': conversion from '_Rep' to 'float', possible loss of data
C:\Users\Darien\Desktop\Code\GDPHYS\Test Doing Sir\Main.cpp(403,26): warning C4244:         with
C:\Users\Darien\Desktop\Code\GDPHYS\Test Doing Sir\Main.cpp(403,26): warning C4244:         [
C:\Users\Darien\Desktop\Code\GDPHYS\Test Doing Sir\Main.cpp(403,26): warning C4244:             _Rep=__int64
C:\Users\Darien\Desktop\Code\GDPHYS\Test Doing Sir\Main.cpp(403,26): warning C4244:         ]
C:\Users\Darien\Desktop\Code\GDPHYS\Test Doing Sir\Main.cpp(408,26): warning C4244: 'argument': conversion from '_Rep' to 'float', possible loss of data
C:\Users\Darien\Desktop\Code\GDPHYS\Test Doing Sir\Main.cpp(408,26): warning C4244:         with
C:\Users\Darien\Desktop\Code\GDPHYS\Test Doing Sir\Main.cpp(408,26): warning C4244:         [
C:\Users\Darien\Desktop\Code\GDPHYS\Test Doing Sir\Main.cpp(408,26): warning C4244:             _Rep=__int64
C:\Users\Darien\Desktop\Code\GDPHYS\Test Doing Sir\Main.cpp(408,26): warning C4244:         ]
C:\Users\Darien\Desktop\Code\GDPHYS\Test Doing Sir\Main.cpp(412,26): warning C4244: 'argument': conversion from '_Rep' to 'float', possible loss of data
C:\Users\Darien\Desktop\Code\GDPHYS\Test Doing Sir\Main.cpp(412,26): warning C4244:         with
C:\Users\Darien\Desktop\Code\GDPHYS\Test Doing Sir\Main.cpp(412,26): warning C4244:         [
C:\Users\Darien\Desktop\Code\GDPHYS\Test Doing Sir\Main.cpp(412,26): warning C4244:             _Rep=__int64
C:\Users\Darien\Desktop\Code\GDPHYS\Test Doing Sir\Main.cpp(412,26): warning C4244:         ]
C:\Users\Darien\Desktop\Code\GDPHYS\Test Doing Sir\Main.cpp(416,27): warning C4244: 'argument': conversion from '_Rep' to 'float', possible loss of data
C:\Users\Darien\Desktop\Code\GDPHYS\Test Doing Sir\Main.cpp(416,27): warning C4244:         with
C:\Users\Darien\Desktop\Code\GDPHYS\Test Doing Sir\Main.cpp(416,27): warning C4244:         [
C:\Users\Darien\Desktop\Code\GDPHYS\Test Doing Sir\Main.cpp(416,27): warning C4244:             _Rep=__int64
C:\Users\Darien\Desktop\Code\GDPHYS\Test Doing Sir\Main.cpp(416,27): warning C4244:         ]
C:\Users\Darien\Desktop\Code\GDPHYS\Test Doing Sir\Main.cpp(380,9): warning C4101: 'buffer': unreferenced local variable
  Module2.vcxproj -> C:\Users\Darien\Desktop\Code\GDPHYS\Test Doing Sir\x64\Debug\Particle.exe
